/usr/local/lib/python2.7/dist-packages/lasagne/init.py:86: UserWarning: The uniform initializer no longer uses Glorot et al.'s approach to determine the bounds, but defaults to the range (-0.01, 0.01) instead. Please use the new GlorotUniform initializer to get the old behavior. GlorotUniform is now the default for all layers.
  warnings.warn("The uniform initializer no longer uses Glorot et al.'s "
/usr/local/lib/python2.7/dist-packages/lasagne/layers/helper.py:69: UserWarning: get_all_layers() has been changed to return layers in topological order. The former implementation is still available as get_all_layers_old(), but will be removed before the first release of Lasagne. To ignore this warning, use `warnings.filterwarnings('ignore', '.*topo.*')`.
  warnings.warn("get_all_layers() has been changed to return layers in "
local file exists
MD5 check passed
use existing files
There are 1056 yes images
There are 9244 no images
There are 22860 unknown images that we will predict
# Neural Network with 592862 learnable parameters

## Layer information

  #  name      size
---  --------  --------
  0  input     1x91x91
  1  conv1     5x89x89
  2  pool1     5x45x45
  3  dropout1  5x45x45
  4  conv2     10x44x44
  5  pool2     10x22x22
  6  dropout2  10x22x22
  7  conv3     20x21x21
  8  pool3     20x11x11
  9  dropout3  20x11x11
 10  hidden4   230
 11  dropout4  230
 12  hidden5   150
 13  dropout5  150
 14  output    2

  epoch    train loss    valid loss    train/val    valid acc  dur
-------  ------------  ------------  -----------  -----------  ------
      1       [36m0.35187[0m       [32m0.42599[0m      0.82601      0.85379  40.30s
      2       [36m0.33458[0m       [32m0.41144[0m      0.81319      0.85379  40.17s
      3       [36m0.33238[0m       [32m0.41019[0m      0.81031      0.85379  39.74s
      4       [36m0.32832[0m       [32m0.40906[0m      0.80262      0.85379  40.11s
      5       [36m0.32074[0m       [32m0.40224[0m      0.79738      0.85379  39.98s
      6       [36m0.30198[0m       [32m0.37886[0m      0.79708      0.85379  39.78s
      7       [36m0.26289[0m       [32m0.35917[0m      0.73193      0.85379  40.10s
      8       [36m0.24260[0m       [32m0.31329[0m      0.77438      0.88483  39.73s
      9       [36m0.22256[0m       [32m0.29276[0m      0.76021      0.89801  39.52s
     10       [36m0.21430[0m       [32m0.27280[0m      0.78556      0.91449  39.87s
     11       [36m0.20539[0m       [32m0.27048[0m      0.75936      0.91495  39.56s
     12       [36m0.20190[0m       [32m0.26669[0m      0.75704      0.91127  39.59s
     13       [36m0.19521[0m       [32m0.25382[0m      0.76906      0.91495  39.92s
     14       [36m0.19133[0m       [32m0.23463[0m      0.81545      0.92315  39.48s
     15       [36m0.18049[0m       [32m0.22918[0m      0.78755      0.92499  39.27s
     16       0.18069       [32m0.21481[0m      0.84118      0.93273  39.47s
     17       [36m0.17830[0m       0.23995      0.74309      0.91678  38.99s
     18       0.18223       0.24784      0.73526      0.90943  38.88s
     19       [36m0.17087[0m       0.22951      0.74447      0.92177  39.14s
     20       [36m0.16273[0m       [32m0.20702[0m      0.78605      0.92859  38.87s
     21       [36m0.15787[0m       [32m0.18953[0m      0.83293      0.93181  38.99s
     22       [36m0.15702[0m       [32m0.18294[0m      0.85833      0.93962  39.26s
     23       [36m0.14976[0m       0.19714      0.75964      0.93549  38.92s
     24       [36m0.14696[0m       [32m0.17616[0m      0.83420      0.94008  39.18s
     25       [36m0.14299[0m       [32m0.16372[0m      0.87342      0.94651  39.22s
     26       0.14309       [32m0.15742[0m      0.90897      0.94560  39.31s
     27       [36m0.13576[0m       0.15820      0.85813      0.94330  39.82s
     28       0.13778       [32m0.15152[0m      0.90932      0.94605  40.19s
     29       [36m0.12422[0m       [32m0.13263[0m      0.93658      0.95556  39.39s
     30       [36m0.12266[0m       [32m0.12893[0m      0.95133      0.95242  39.76s
     31       [36m0.11960[0m       0.14904      0.80249      0.94468  40.00s
     32       0.12277       0.13070      0.93937      0.94651  39.33s
     33       0.11970       [32m0.12262[0m      0.97618      0.96108  39.31s
     34       [36m0.11633[0m       0.12867      0.90404      0.95380  39.82s
     35       0.11804       [32m0.10790[0m      1.09398      0.95878  39.76s
     36       0.11827       0.12175      0.97137      0.95655  39.77s
     37       [36m0.11584[0m       0.12693      0.91263      0.95518  39.77s
     38       [36m0.11046[0m       0.11424      0.96690      0.95518  39.00s
     39       [36m0.11000[0m       0.11141      0.98740      0.96016  39.34s
     40       0.11074       0.11006      1.00617      0.96062  39.64s
     41       [36m0.10655[0m       0.11495      0.92694      0.95970  39.16s
     42       0.11224       0.10890      1.03066      0.96430  39.46s
     43       [36m0.10611[0m       [32m0.10273[0m      1.03282      0.96476  39.46s
     44       0.11300       0.11380      0.99301      0.95563  40.54s
     45       0.10796       0.11128      0.97019      0.95747  41.84s
     46       [36m0.10513[0m       0.11230      0.93621      0.95655  42.92s
     47       0.10606       0.11205      0.94656      0.95924  45.35s
     48       [36m0.10361[0m       [32m0.10132[0m      1.02258      0.96521  44.34s
     49       0.10665       0.10329      1.03249      0.95931  46.47s
     50       [36m0.10176[0m       0.10773      0.94456      0.95426  46.47s
     51       [36m0.09665[0m       0.11695      0.82641      0.95380  46.70s
     52       0.10403       0.11153      0.93279      0.95786  46.27s
     53       0.09954       0.11365      0.87582      0.95609  46.26s
     54       [36m0.09602[0m       0.11154      0.86084      0.95288  46.63s
     55       0.10281       0.10556      0.97390      0.95931  46.45s
     56       0.09876       [32m0.09496[0m      1.04004      0.96974  46.44s
     57       0.09957       0.09663      1.03048      0.96384  46.63s
     58       0.09882       0.15145      0.65250      0.94514  46.13s
     59       0.09653       0.09519      1.01398      0.95839  46.34s
     60       0.10622       0.10443      1.01707      0.95839  46.64s
     61       [36m0.09418[0m       [32m0.09186[0m      1.02530      0.96338  46.33s
     62       0.10052       [32m0.08753[0m      1.14840      0.96384  46.26s
     63       0.09520       0.09470      1.00528      0.95747  46.57s
     64       0.10026       0.10959      0.91492      0.95019  46.25s
     65       [36m0.09192[0m       [32m0.08429[0m      1.09061      0.97020  46.23s
     66       0.09247       0.08941      1.03425      0.96292  46.66s
     67       [36m0.08957[0m       0.09468      0.94604      0.95609  46.19s
     68       0.09187       0.12320      0.74565      0.94927  46.16s
     69       0.09358       0.10213      0.91629      0.95426  46.54s
     70       0.09027       0.09241      0.97687      0.96338  46.33s
     71       [36m0.08665[0m       0.10180      0.85115      0.96292  46.07s
     72       0.09094       0.09245      0.98372      0.96384  46.54s
     73       0.09111       0.09803      0.92940      0.96154  46.21s
     74       0.09396       0.09622      0.97650      0.95931  46.45s
     75       0.09636       0.09585      1.00526      0.96384  46.68s
     76       0.09357       0.10355      0.90366      0.95380  46.26s
     77       0.09225       0.10985      0.83977      0.95157  46.45s
     78       0.09042       0.11536      0.78382      0.95334  46.67s
     79       0.08873       0.09018      0.98384      0.96613  46.30s
     80       [36m0.08330[0m       0.09892      0.84217      0.95885  46.40s
     81       0.09665       0.08891      1.08697      0.96521  46.62s
     82       0.08520       0.08691      0.98036      0.96882  46.36s
     83       [36m0.08228[0m       0.08881      0.92646      0.96698  46.41s
     84       0.08766       [32m0.07840[0m      1.11806      0.96790  46.79s
     85       [36m0.08166[0m       0.09913      0.82375      0.95931  46.17s
     86       0.08677       0.08320      1.04292      0.97020  46.27s
     87       0.08591       0.08187      1.04924      0.97112  46.60s
     88       [36m0.08002[0m       0.08723      0.91732      0.96567  46.31s
     89       0.08306       0.08704      0.95421      0.96476  46.17s
     90       [36m0.07786[0m       [32m0.07763[0m      1.00302      0.97342  46.63s
     91       0.08512       0.10402      0.81828      0.95563  46.33s
     92       [36m0.07659[0m       0.08786      0.87174      0.96836  46.27s
     93       0.07861       [32m0.07407[0m      1.06119      0.97112  46.78s
     94       0.08399       0.09127      0.92016      0.96790  46.36s
     95       0.08317       0.09095      0.91444      0.96292  46.39s
     96       [36m0.07654[0m       0.07667      0.99830      0.97250  46.64s
     97       0.08097       0.07830      1.03416      0.97204  46.31s
     98       0.08336       0.08405      0.99175      0.96790  46.22s
     99       [36m0.07648[0m       0.08408      0.90954      0.96659  46.66s
    100       0.08097       0.08083      1.00166      0.97296  46.31s
    101       0.07944       0.08124      0.97791      0.97066  46.40s
    102       0.08286       0.07894      1.04971      0.97158  46.60s
    103       [36m0.07471[0m       0.09041      0.82629      0.95977  46.21s
    104       0.07995       0.09174      0.87148      0.96069  46.41s
    105       0.07601       0.08225      0.92415      0.96023  46.65s
    106       [36m0.07393[0m       [32m0.06975[0m      1.05994      0.96981  46.29s
    107       0.07507       0.09012      0.83298      0.96705  46.28s
    108       [36m0.07363[0m       0.08194      0.89853      0.97112  46.66s
    109       0.07622       0.07231      1.05398      0.97296  46.26s
    110       0.07535       0.07424      1.01489      0.97027  46.35s
    111       0.07522       0.08896      0.84554      0.95885  46.54s
    112       0.07968       0.07262      1.09724      0.97525  46.22s
    113       0.07677       0.08103      0.94748      0.96843  46.28s
    114       0.07534       0.08323      0.90520      0.96384  46.59s
    115       0.07579       0.07179      1.05571      0.97388  46.16s
    116       [36m0.07287[0m       [32m0.06489[0m      1.12299      0.98116  46.17s
    117       0.07305       0.06963      1.04909      0.97296  46.69s
    118       0.07423       0.08371      0.88682      0.96613  46.28s
    119       0.07444       0.07800      0.95434      0.96391  46.13s
    120       [36m0.06906[0m       0.06633      1.04112      0.97886  46.45s
    121       [36m0.06630[0m       0.07323      0.90538      0.97119  43.26s
    122       0.07466       0.07494      0.99624      0.97342  42.47s
    123       [36m0.06611[0m       [32m0.06233[0m      1.06067      0.98254  42.72s
    124       0.06984       0.06404      1.09056      0.97441  42.58s
    125       0.07193       0.06609      1.08837      0.97978  42.56s
    126       0.06820       0.06239      1.09320      0.98024  42.78s
    127       0.06774       [32m0.06097[0m      1.11109      0.98070  43.15s
    128       0.06915       [32m0.06038[0m      1.14510      0.97709  42.92s
    129       [36m0.06565[0m       0.08917      0.73623      0.96751  42.74s
    130       0.06957       0.06173      1.12702      0.98024  42.90s
    131       [36m0.06275[0m       [32m0.06006[0m      1.04479      0.98162  42.83s
    132       0.06741       0.07341      0.91832      0.96751  42.77s
    133       0.06843       0.06176      1.10802      0.97617  42.77s
    134       0.06555       0.08199      0.79950      0.96613  42.87s
    135       0.06792       0.06023      1.12770      0.97978  42.78s
    136       0.06681       0.07480      0.89324      0.96981  45.39s
    137       0.07386       0.08368      0.88258      0.96161  45.80s
    138       0.06369       0.10301      0.61831      0.95571  45.73s
    139       0.07026       [32m0.05921[0m      1.18664      0.98254  48.25s
    140       0.06549       0.06539      1.00153      0.97978  43.44s
    141       0.06762       0.07156      0.94497      0.97571  44.11s
    142       0.06772       0.06831      0.99126      0.97434  44.05s
    143       0.06582       0.07852      0.83824      0.97296  44.07s
    144       0.06480       0.08430      0.76866      0.96299  44.03s
    145       [36m0.06091[0m       [32m0.05726[0m      1.06376      0.98254  44.12s
    146       0.06520       0.07476      0.87219      0.96751  43.86s
    147       0.06701       0.07368      0.90950      0.97204  43.61s
    148       0.06441       0.07529      0.85545      0.97434  43.68s
    149       0.06226       0.06950      0.89577      0.97342  43.69s
    150       0.06452       0.06546      0.98568      0.97801  43.68s
    151       0.06555       0.06252      1.04838      0.98254  43.72s
    152       [36m0.06004[0m       [32m0.05428[0m      1.10599      0.98392  43.73s
    153       0.06141       0.06950      0.88353      0.98116  43.87s
    154       0.06110       0.05742      1.06414      0.98483  43.87s
    155       0.06165       0.06351      0.97074      0.98162  43.82s
    156       0.06050       0.06141      0.98515      0.98254  43.77s
    157       0.06034       0.06528      0.92434      0.98208  43.84s
    158       0.06602       0.06772      0.97490      0.97932  43.71s
    159       [36m0.05361[0m       0.06300      0.85101      0.98070  43.69s
    160       0.06126       0.05827      1.05130      0.98300  43.74s
    161       0.05709       0.05523      1.03370      0.98392  43.66s
    162       0.06208       0.06036      1.02858      0.98483  44.21s
    163       0.06430       0.06444      0.99785      0.97663  44.18s
    164       0.06389       0.07805      0.81866      0.97158  44.45s
    165       0.06005       [32m0.05117[0m      1.17365      0.98300  44.66s
    166       0.06235       0.05661      1.10141      0.98208  44.48s
    167       0.05726       0.07533      0.76010      0.96843  44.59s
    168       0.05947       0.05342      1.11340      0.98300  44.45s
    169       [36m0.05341[0m       0.07339      0.72771      0.97388  44.55s
    170       0.05429       0.06862      0.79111      0.97434  44.50s
    171       0.05985       0.08832      0.67766      0.96345  41.08s
    172       0.05770       0.08183      0.70513      0.97434  40.25s
    173       0.05701       0.08616      0.66166      0.97250  40.24s
    174       0.06463       0.06188      1.04439      0.97709  40.39s
    175       [36m0.05330[0m       0.06283      0.84837      0.97709  40.24s
    176       0.05906       0.06679      0.88432      0.97663  40.06s
    177       0.05366       0.05523      0.97155      0.97893  40.32s
    178       0.05915       0.05197      1.13797      0.98529  40.08s
    179       0.05460       0.05934      0.92022      0.97755  40.08s
    180       0.05616       0.09419      0.59623      0.96299  40.40s
    181       0.05740       0.06591      0.87083      0.97165  41.13s
    182       0.05577       0.06678      0.83512      0.97027  41.11s
    183       0.05670       0.05865      0.96680      0.97801  41.17s
    184       0.05855       0.06081      0.96286      0.97709  41.26s
    185       0.05696       0.05694      1.00041      0.97349  41.29s
    186       0.05683       [32m0.04798[0m      1.18455      0.98667  41.28s
    187       0.06294       0.05868      1.07255      0.98254  42.05s
    188       0.05605       0.05775      0.97058      0.97939  42.71s
    189       0.05742       0.05874      0.97754      0.97801  42.70s
    190       [36m0.05013[0m       0.06092      0.82284      0.97939  42.77s
    191       0.05334       0.06850      0.77866      0.97663  40.56s
    192       0.05484       0.06452      0.85002      0.97709  39.47s
    193       0.05808       0.06297      0.92233      0.97709  40.08s
    194       0.05121       0.05430      0.94304      0.97939  39.79s
    195       0.05647       0.06073      0.92980      0.97709  39.72s
    196       [36m0.04705[0m       0.05066      0.92858      0.98300  39.75s
    197       0.05057       0.05794      0.87284      0.97709  39.69s
    198       0.05608       0.05846      0.95933      0.97801  39.60s
    199       0.05517       0.05712      0.96592      0.97801  39.79s
    200       0.05155       [32m0.04107[0m      1.25501      0.98805  39.70s
    201       0.05174       0.05381      0.96160      0.97939  39.51s
    202       0.05644       0.05092      1.10830      0.97939  39.72s
    203       0.05020       0.04482      1.12019      0.98215  39.75s
    204       0.05365       0.05848      0.91732      0.97303  39.49s
    205       0.04969       0.04654      1.06758      0.98529  39.56s
    206       0.05116       0.04616      1.10819      0.98575  39.65s
    207       0.05583       0.04907      1.13761      0.98575  40.45s
    208       [36m0.04465[0m       0.04292      1.04033      0.98713  39.66s
    209       0.05271       0.05456      0.96617      0.98031  39.67s
    210       0.05005       0.06103      0.82009      0.97893  39.57s
    211       0.04915       0.05837      0.84203      0.97847  39.64s
    212       0.05341       0.05873      0.90952      0.97801  40.12s
    213       0.04603       0.04331      1.06274      0.98667  39.88s
    214       0.05075       0.04808      1.05560      0.98483  39.64s
    215       0.05254       0.04600      1.14221      0.98215  41.05s
    216       0.05758       0.04443      1.29592      0.98805  40.38s
    217       0.05252       0.05072      1.03546      0.98031  40.44s
    218       0.04542       0.06424      0.70703      0.97847  40.70s
    219       0.04929       0.04349      1.13341      0.98307  40.11s
    220       0.04529       0.04199      1.07848      0.98353  39.72s
    221       0.04710       [32m0.04074[0m      1.15604      0.98851  39.68s
    222       0.04843       0.04564      1.06103      0.98713  40.01s
    223       0.04812       0.04318      1.11428      0.98805  41.10s
    224       0.05229       0.05676      0.92115      0.98031  40.47s
    225       0.04667       0.04684      0.99636      0.98621  40.34s
    226       0.05394       0.05539      0.97380      0.98123  40.01s
    227       0.05185       0.04155      1.24767      0.98713  40.11s
    228       0.04741       0.05085      0.93239      0.98713  39.93s
    229       0.04786       0.04526      1.05730      0.98575  40.12s
    230       0.04625       0.04347      1.06401      0.98713  40.17s
    231       0.05018       0.04399      1.14073      0.98759  40.08s
    232       0.04839       0.05052      0.95779      0.97939  40.19s
    233       0.04762       0.05277      0.90243      0.98392  40.23s
    234       [36m0.04317[0m       0.04864      0.88754      0.98483  40.09s
    235       0.04894       0.05959      0.82129      0.97663  40.07s
    236       0.04874       0.04675      1.04252      0.98529  40.18s
    237       0.04372       0.04399      0.99371      0.98713  40.09s
    238       0.04401       0.04540      0.96925      0.98667  40.15s
    239       0.05213       0.04870      1.07045      0.98123  40.14s
    240       0.05022       0.05515      0.91069      0.97847  40.08s
    241       0.05381       0.05010      1.07399      0.98575  40.03s
    242       0.04653       0.04721      0.98565      0.98169  40.12s
    243       0.04585       0.04427      1.03568      0.98759  39.93s
    244       0.04448       0.04837      0.91956      0.98307  39.94s
    245       0.04614       0.05002      0.92239      0.98621  40.18s
    246       [36m0.04308[0m       [32m0.03733[0m      1.15404      0.98759  39.98s
    247       0.04854       0.04676      1.03801      0.98123  40.13s
    248       0.04602       0.03805      1.20958      0.98575  40.16s
    249       0.04612       0.05015      0.91975      0.97939  39.90s
    250       0.05147       0.04922      1.04565      0.98169  40.19s
    251       0.04442       0.05414      0.82047      0.98031  40.54s
    252       0.05033       0.04383      1.14819      0.98438  40.92s
    253       0.04581       [32m0.03712[0m      1.23404      0.98713  39.93s
    254       0.04504       0.04829      0.93270      0.98261  40.18s
    255       0.04528       0.04847      0.93416      0.98031  39.95s
    256       [36m0.03990[0m       0.03967      1.00573      0.98261  40.07s
    257       0.04334       0.04683      0.92538      0.98169  40.37s
    258       0.04654       0.04667      0.99708      0.98261  40.28s
    259       0.04106       0.04527      0.90715      0.98215  39.93s
    260       0.04184       0.03721      1.12461      0.98713  40.17s
    261       0.04080       0.04203      0.97084      0.98667  40.00s
    262       0.04201       0.04198      1.00069      0.98307  40.06s
    263       0.04818       0.05533      0.87065      0.98031  40.11s
    264       [36m0.03957[0m       0.04477      0.88394      0.98169  39.96s
    265       0.04601       0.04247      1.08342      0.98667  40.03s
    266       0.04656       0.04090      1.13859      0.98215  40.05s
    267       0.04117       0.06185      0.66571      0.97755  40.23s
    268       0.04342       [32m0.03674[0m      1.18156      0.98759  41.20s
    269       0.04703       0.03886      1.21021      0.98667  40.10s
    270       0.04081       0.04330      0.94237      0.98123  40.39s
    271       0.04507       0.04275      1.05418      0.98529  39.99s
    272       0.04270       0.05265      0.81097      0.97847  39.63s
    273       0.04491       0.06180      0.72674      0.97395  39.45s
    274       0.04480       0.05726      0.78241      0.97755  39.50s
    275       0.04027       0.04631      0.86966      0.98077  40.94s
    276       [36m0.03581[0m       0.03852      0.92975      0.98759  40.26s
    277       0.03897       [32m0.03389[0m      1.15001      0.98759  40.51s
    278       0.04610       0.06012      0.76684      0.97847  40.43s
    279       0.03607       [32m0.03117[0m      1.15739      0.98759  40.04s
    280       0.04243       0.03424      1.23935      0.98805  40.04s
    281       0.03971       0.04448      0.89259      0.98529  40.19s
    282       [36m0.03283[0m       0.05265      0.62347      0.98031  40.07s
    283       0.04010       0.03882      1.03302      0.98759  40.01s
    284       0.04135       0.04089      1.01142      0.98529  40.19s
    285       0.04177       0.03503      1.19267      0.98621  40.09s
    286       0.03692       0.03350      1.10207      0.98851  40.07s
    287       0.04446       0.06230      0.71362      0.97985  40.13s
    288       0.04265       0.05064      0.84215      0.98077  39.95s
    289       0.03847       0.04633      0.83032      0.98491  40.11s
    290       0.04866       0.06451      0.75426      0.97487  40.15s
    291       0.04707       0.05566      0.84571      0.97801  40.04s
    292       0.03957       0.05048      0.78382      0.97985  40.18s
    293       0.04731       0.04578      1.03353      0.98215  40.18s
    294       0.04022       0.04440      0.90573      0.98353  40.13s
    295       0.03947       0.04684      0.84274      0.98307  39.91s
    296       0.04005       0.03415      1.17279      0.99035  40.47s
    297       0.04598       0.03437      1.33785      0.98805  40.60s
    298       0.04375       0.03353      1.30457      0.98805  40.00s
    299       0.04499       0.03987      1.12827      0.98805  40.27s
    300       0.03822       0.04293      0.89032      0.98667  40.16s
    301       0.03870       0.03128      1.23727      0.99081  40.12s
    302       0.04013       0.04408      0.91042      0.98169  40.22s
    303       0.04362       0.03591      1.21478      0.98169  40.36s
    304       0.04771       0.03686      1.29452      0.98307  40.00s
    305       0.04187       0.04581      0.91411      0.98215  40.60s
    306       0.04085       [32m0.03089[0m      1.32238      0.99081  40.23s
    307       0.04503       0.03320      1.35621      0.98989  39.82s
    308       0.03900       0.04379      0.89063      0.98077  40.02s
    309       0.03945       0.03491      1.12997      0.98897  40.06s
    310       0.03807       0.03869      0.98395      0.98759  39.85s
    311       0.04103       [32m0.03005[0m      1.36546      0.99173  40.15s
    312       0.04246       0.03183      1.33398      0.98897  40.28s
    313       0.03520       0.04785      0.73563      0.98123  39.91s
    314       0.04082       0.03612      1.13004      0.98989  40.08s
    315       0.03831       0.04139      0.92571      0.98667  39.95s
    316       0.03959       0.05230      0.75706      0.98261  39.85s
    317       0.03512       0.04252      0.82601      0.98261  40.12s
    318       0.04016       0.04614      0.87043      0.98077  39.91s
    319       0.04204       0.04509      0.93223      0.98307  40.06s
    320       0.03776       0.04388      0.86041      0.98307  40.13s
    321       0.03380       0.03806      0.88802      0.98582  39.94s
    322       0.03925       0.07019      0.55915      0.97624  40.28s
    323       0.03622       0.03989      0.90798      0.98759  40.03s
    324       0.04186       0.03985      1.05039      0.98897  39.66s
    325       0.03355       0.04705      0.71302      0.98307  39.60s
    326       [36m0.03268[0m       0.03349      0.97557      0.98582  39.84s
    327       0.03771       [32m0.02966[0m      1.27144      0.99265  39.56s
    328       0.03850       0.03156      1.21977      0.99219  39.70s
    329       0.03900       0.03686      1.05822      0.98674  39.75s
    330       0.03287       0.03517      0.93458      0.98628  39.70s
    331       0.03900       [32m0.02882[0m      1.35317      0.99035  39.60s
    332       0.03897       0.04952      0.78695      0.98307  39.78s
    333       0.03670       0.04123      0.88993      0.98307  39.42s
    334       0.03514       0.03657      0.96095      0.98491  39.58s
    335       0.03649       [32m0.02838[0m      1.28550      0.98989  39.69s
    336       0.04044       0.03170      1.27553      0.98989  39.42s
    337       0.03699       0.04855      0.76193      0.97762  39.67s
    338       0.03468       0.03410      1.01705      0.98943  39.80s
    339       0.03316       0.03708      0.89436      0.98353  39.51s
    340       0.03603       0.03194      1.12803      0.99127  39.56s
    341       0.03801       0.03638      1.04501      0.99127  40.07s
    342       0.03463       0.03408      1.01598      0.98851  40.50s
    343       0.03769       [32m0.02766[0m      1.36240      0.99173  39.74s
    344       0.04217       0.03515      1.19992      0.98989  39.88s
    345       0.04056       0.02881      1.40758      0.99081  39.63s
    346       0.03548       0.03555      0.99806      0.98897  39.85s
    347       0.03651       0.03601      1.01380      0.98851  39.93s
    348       0.03419       [32m0.02731[0m      1.25189      0.99081  39.62s
    349       [36m0.03062[0m       0.03792      0.80740      0.98491  39.76s
    350       0.03311       0.03150      1.05105      0.98989  40.02s
    351       0.03931       0.03719      1.05711      0.98491  39.68s
    352       0.03361       0.03156      1.06515      0.99081  39.71s
    353       0.04215       0.03336      1.26360      0.98989  39.78s
    354       0.03553       0.03663      0.96976      0.98536  39.50s
    355       0.03858       0.03293      1.17150      0.99081  39.65s
    356       0.03448       0.03151      1.09422      0.99127  39.91s
    357       0.04134       0.03182      1.29921      0.99035  40.57s
    358       0.03378       [32m0.02336[0m      1.44638      0.99311  40.11s
    359       0.03194       0.02962      1.07846      0.99081  40.41s
    360       [36m0.02957[0m       0.03633      0.81409      0.98307  39.83s
    361       0.03300       0.03929      0.83988      0.98720  41.59s
    362       0.03552       0.03709      0.95772      0.98674  42.06s
    363       0.03049       0.02876      1.06023      0.99081  42.41s
    364       [36m0.02722[0m       0.02638      1.03208      0.98996  40.32s
    365       0.03176       0.02753      1.15362      0.98950  40.50s
    366       0.03247       0.03264      0.99454      0.99219  41.93s
    367       0.03398       0.02473      1.37372      0.99311  40.09s
    368       0.03036       0.02363      1.28509      0.99265  39.74s
    369       0.03533       0.03734      0.94619      0.98628  39.59s
    370       0.03110       0.02936      1.05950      0.99219  39.51s
    371       0.03168       0.02532      1.25142      0.99219  39.82s
    372       0.03269       0.02495      1.31010      0.99311  39.67s
    373       0.03600       0.03810      0.94496      0.98169  39.43s
    374       0.03246       0.03229      1.00511      0.98996  39.60s
    375       0.03246       0.03824      0.84889      0.98628  39.50s
    376       0.03435       0.03651      0.94081      0.98858  40.46s
    377       0.03229       0.03465      0.93184      0.98812  40.74s
    378       0.03477       0.03010      1.15518      0.99173  41.14s
    379       0.02854       0.02557      1.11591      0.99357  40.29s
    380       0.03227       0.02497      1.29260      0.99494  40.79s
    381       0.03381       0.03128      1.08066      0.98582  40.60s
    382       0.03263       0.02476      1.31821      0.99449  40.59s
    383       0.03620       0.04002      0.90466      0.98628  40.14s
    384       0.02949       0.03753      0.78587      0.98720  39.74s
    385       0.03151       0.02851      1.10525      0.99219  39.49s
    386       0.03518       0.04621      0.76130      0.97992  40.25s
    387       0.03034       0.04460      0.68026      0.98491  40.51s
    388       0.03064       0.03036      1.00928      0.98628  40.58s
    389       0.02885       0.04604      0.62669      0.98445  40.77s
    390       0.03146       0.03217      0.97810      0.98674  40.75s
    391       0.03115       [32m0.02102[0m      1.48166      0.99449  39.99s
    392       0.03709       0.02415      1.53584      0.99311  40.36s
    393       0.03577       0.02457      1.45584      0.99219  39.94s
    394       0.03422       0.03229      1.05973      0.98628  40.38s
    395       0.03127       0.03215      0.97269      0.98628  41.24s
    396       0.02929       0.02661      1.10062      0.99219  40.46s
    397       0.03381       0.03389      0.99751      0.98674  40.05s
    398       0.03325       0.02526      1.31601      0.99311  39.64s
    399       0.03708       0.03275      1.13225      0.99173  39.55s
    400       0.03276       0.02855      1.14724      0.98858  39.39s
    401       0.02873       0.02937      0.97828      0.99035  39.73s
    402       0.02986       [32m0.02069[0m      1.44338      0.99494  39.73s
    403       0.03339       0.03205      1.04176      0.99081  39.37s
    404       0.02783       0.03203      0.86876      0.99127  39.80s
    405       0.03340       0.02728      1.22430      0.99127  39.69s
    406       0.03127       0.03269      0.95649      0.98582  39.52s
    407       [36m0.02504[0m       0.02484      1.00821      0.99219  39.84s
    408       0.02917       [32m0.01773[0m      1.64490      0.99449  39.63s
    409       0.03139       0.02696      1.16408      0.99127  39.72s
    410       0.02985       0.02493      1.19714      0.99265  40.03s
    411       0.02649       0.02544      1.04098      0.99357  39.63s
    412       0.02595       0.02877      0.90187      0.99127  39.63s
    413       0.04313       0.03743      1.15225      0.98989  39.71s
    414       0.02739       0.02111      1.29768      0.99357  39.38s
    415       0.02867       0.02416      1.18668      0.99403  39.67s
    416       0.03473       0.03036      1.14415      0.99173  39.91s
    417       0.03103       0.02689      1.15405      0.99219  39.50s
    418       0.02929       0.02949      0.99346      0.98812  39.54s
    419       0.02672       0.03078      0.86824      0.98766  39.84s
    420       0.02539       0.04101      0.61898      0.98261  39.52s
    421       0.03437       0.03645      0.94286      0.98261  39.73s
    422       0.02540       0.02150      1.18128      0.99403  39.90s
    423       0.03280       0.02589      1.26708      0.99127  40.44s
    424       0.03201       0.03210      0.99699      0.98674  40.72s
    425       0.03810       0.03234      1.17832      0.99127  41.41s
    426       0.02772       0.03170      0.87462      0.99127  40.49s
    427       0.03299       0.02708      1.21844      0.99173  40.71s
    428       0.03617       0.02807      1.28842      0.98766  40.99s
    429       0.02849       0.02569      1.10918      0.98904  40.77s
    430       0.03251       0.02427      1.33970      0.99357  40.18s
    431       0.03161       0.02632      1.20070      0.98812  40.79s
    432       0.03271       0.03367      0.97150      0.98628  40.46s
    433       [36m0.02472[0m       0.02696      0.91677      0.99219  39.55s
    434       0.02586       0.02824      0.91573      0.98674  39.89s
    435       0.03542       0.02855      1.24078      0.98858  40.15s
    436       0.03056       0.03540      0.86320      0.98674  40.56s
    437       0.03129       0.02944      1.06290      0.98766  41.40s
    438       0.02611       0.02987      0.87412      0.99265  40.60s
    439       0.03025       0.01970      1.53547      0.99403  40.25s
    440       0.03064       0.02348      1.30520      0.99494  41.08s
    441       0.02825       0.02823      1.00058      0.99265  40.68s
    442       0.02908       0.02260      1.28670      0.99357  40.43s
    443       [36m0.02429[0m       0.02666      0.91112      0.99311  40.22s
    444       0.03856       0.02537      1.51956      0.99219  40.08s
    445       0.03261       0.02442      1.33540      0.99311  39.29s
    446       0.03026       0.02804      1.07884      0.99265  39.76s
    447       0.02881       0.02510      1.14804      0.99265  39.58s
    448       0.03143       0.02326      1.35138      0.99311  39.95s
    449       0.02886       0.02367      1.21967      0.99311  40.87s
    450       0.02548       0.02155      1.18217      0.99494  41.29s
    451       0.02526       0.01963      1.28691      0.99403  40.32s
    452       0.02860       0.02163      1.32219      0.99357  40.90s
    453       0.03171       0.03010      1.05354      0.99173  41.10s
    454       0.02505       0.02524      0.99258      0.99449  40.13s
    455       0.03027       0.02365      1.28004      0.99357  40.08s
    456       0.03045       0.01944      1.56619      0.99494  39.68s
    457       0.02938       0.02810      1.04540      0.98766  39.43s
    458       [36m0.02337[0m       0.02869      0.81481      0.98950  39.77s
    459       0.02648       0.02621      1.01051      0.98950  40.15s
    460       0.03098       0.02952      1.04963      0.98950  40.49s
    461       0.02905       0.02496      1.16407      0.99494  40.69s
    462       0.03033       0.04273      0.70990      0.98812  40.75s
    463       0.02737       0.02826      0.96854      0.98996  40.68s
    464       0.02834       0.03153      0.89876      0.98996  40.54s
    465       0.03062       0.02318      1.32102      0.98996  41.07s
    466       0.02862       0.03160      0.90589      0.98904  40.56s
    467       0.02425       0.02715      0.89327      0.98904  40.18s
    468       0.02696       0.01892      1.42448      0.99540  39.98s
    469       0.02891       0.02007      1.44053      0.99449  39.52s
    470       0.02757       0.02184      1.26221      0.99403  39.94s
    471       0.03048       0.02572      1.18517      0.99311  39.95s
    472       0.02888       0.02814      1.02664      0.99219  39.64s
    473       0.03090       0.01812      1.70579      0.99449  39.87s
    474       0.03145       0.02581      1.21867      0.99403  39.64s
    475       0.02756       0.02177      1.26598      0.99449  39.53s
    476       0.02816       0.02339      1.20400      0.99357  40.59s
    477       0.02827       0.02148      1.31590      0.99449  39.93s
    478       0.02661       0.01860      1.43056      0.99403  39.50s
    479       0.02596       0.02012      1.29032      0.99494  40.15s
    480       0.03121       0.02461      1.26828      0.99311  39.91s
    481       0.02372       0.02098      1.13066      0.99403  39.47s
    482       0.02673       0.03071      0.87031      0.99311  40.13s
    483       0.02761       0.02482      1.11265      0.99403  40.20s
    484       0.02826       [32m0.01691[0m      1.67078      0.99403  39.53s
    485       0.02851       0.01760      1.61987      0.99586  39.95s
    486       [36m0.02298[0m       0.01806      1.27272      0.99540  39.76s
    487       0.02671       0.02365      1.12931      0.99219  39.58s
    488       0.03054       [32m0.01677[0m      1.82055      0.99540  39.86s
    489       0.02338       0.01956      1.19552      0.99540  39.77s
    490       0.02304       [32m0.01615[0m      1.42646      0.99586  39.55s
    491       0.02496       0.01780      1.40218      0.99540  40.11s
    492       0.02634       0.02062      1.27729      0.99357  40.13s
    493       0.02861       0.01981      1.44416      0.99494  39.60s
    494       [36m0.02295[0m       0.02545      0.90169      0.99311  40.10s
    495       0.02467       0.02215      1.11389      0.99311  39.87s
    496       0.03590       0.01717      2.09141      0.99494  39.58s
    497       0.02764       0.02087      1.32422      0.99449  39.79s
    498       0.02894       0.02171      1.33280      0.99494  39.69s
    499       0.02898       0.02165      1.33864      0.99449  40.03s
    500       0.02870       0.02441      1.17587      0.99403  41.25s
    501       0.02744       0.03929      0.69850      0.98766  41.10s
    502       0.02351       0.02118      1.10985      0.99403  41.52s
    503       0.02425       0.01643      1.47558      0.99540  40.83s
    504       0.03219       0.02775      1.15991      0.99265  41.02s
    505       0.03083       0.02823      1.09220      0.99357  40.41s
    506       0.02351       0.02177      1.07995      0.99357  41.33s
    507       0.02543       0.01932      1.31648      0.99311  41.97s
    508       0.02401       0.02696      0.89050      0.99311  42.38s
    509       0.02845       0.02159      1.31771      0.99311  42.51s
    510       0.02462       0.03014      0.81671      0.99357  42.55s
    511       0.02665       0.02664      1.00044      0.99357  42.38s
    512       0.02543       0.02208      1.15169      0.99449  41.85s
    513       0.02417       0.01913      1.26316      0.99403  41.96s
    514       0.02472       0.02486      0.99455      0.99357  42.35s
    515       [36m0.02270[0m       0.02524      0.89964      0.99449  42.18s
    516       0.02792       0.02680      1.04167      0.99265  42.37s
    517       [36m0.02153[0m       0.02670      0.80607      0.99403  42.31s
    518       0.02795       0.01939      1.44147      0.99540  42.09s
    519       0.02945       0.02924      1.00710      0.98858  42.19s
    520       0.02535       0.02382      1.06390      0.99311  42.71s
    521       0.02673       0.02460      1.08696      0.98904  42.36s
    522       0.02663       0.03599      0.73990      0.98858  41.78s
    523       0.02259       0.01681      1.34415      0.99586  42.12s
    524       0.02160       0.02720      0.79396      0.99403  42.23s
    525       0.02612       0.03063      0.85281      0.98950  42.03s
    526       0.03105       0.02498      1.24269      0.99357  41.94s
    527       0.02545       0.02489      1.02230      0.99357  42.14s
    528       0.02582       0.02171      1.18916      0.98996  41.87s
    529       0.03159       0.03154      1.00143      0.98996  42.02s
    530       0.02586       0.02478      1.04366      0.99088  42.20s
    531       0.02584       0.02317      1.11524      0.99042  42.47s
    532       0.02181       0.02657      0.82088      0.98812  42.33s
    533       0.02471       0.02307      1.07136      0.99403  42.23s
    534       0.02755       0.02874      0.95840      0.98812  42.12s
    535       [36m0.02090[0m       0.01964      1.06439      0.99357  42.02s
    536       0.02595       0.02886      0.89925      0.98858  42.35s
    537       0.03116       0.02728      1.14241      0.99265  42.47s
    538       0.02731       0.02253      1.21255      0.99449  42.08s
    539       0.02614       0.02524      1.03569      0.99357  42.04s
    540       0.02596       0.01704      1.52317      0.99632  42.20s
    541       0.02709       0.01780      1.52220      0.99449  42.24s
    542       0.02535       0.02365      1.07209      0.99403  42.66s
    543       0.02276       0.01887      1.20591      0.99449  42.35s
    544       0.02841       0.01922      1.47828      0.99494  42.27s
    545       0.03101       0.02723      1.13889      0.99403  42.14s
    546       0.03025       0.02049      1.47684      0.99540  41.92s
    547       0.02158       0.01964      1.09858      0.99494  42.30s
    548       0.02641       0.01833      1.44139      0.99678  42.39s
    549       0.02328       0.01647      1.41304      0.99770  42.15s
    550       0.02680       0.01729      1.54972      0.99494  42.18s
    551       0.02905       0.01620      1.79349      0.99586  42.24s
    552       0.02517       0.02511      1.00262      0.99311  42.69s
    553       0.02573       0.01893      1.35956      0.99403  42.98s
    554       0.02513       0.01963      1.28027      0.99449  42.79s
    555       0.02848       0.02239      1.27168      0.99494  42.77s
    556       0.02448       0.02002      1.22309      0.99494  42.26s
    557       0.02581       0.01946      1.32632      0.99449  42.61s
    558       0.02313       0.02936      0.78792      0.98950  42.68s
    559       0.02127       0.01690      1.25862      0.99449  42.60s
    560       0.02366       [32m0.01328[0m      1.78115      0.99632  42.61s
    561       0.02486       0.01820      1.36564      0.99540  42.23s
    562       0.02330       0.01773      1.31445      0.99494  42.38s
    563       0.02532       0.01795      1.41072      0.99494  42.78s
    564       0.02746       0.02530      1.08541      0.99403  42.57s
    565       0.02429       0.02270      1.07006      0.99357  42.63s
    566       0.02172       0.01688      1.28715      0.99586  42.24s
    567       0.02536       0.02106      1.20432      0.99449  42.21s
    568       0.02341       0.01708      1.37052      0.99586  42.53s
    569       0.02634       0.01422      1.85222      0.99678  42.87s
    570       0.02879       0.01825      1.57725      0.99632  42.86s
    571       0.02345       0.02030      1.15540      0.99632  42.58s
    572       0.02622       0.02068      1.26774      0.99403  42.51s
    573       0.03057       0.01340      2.28037      0.99770  42.39s
    574       0.02596       0.02167      1.19787      0.99042  42.18s
    575       0.02773       0.01965      1.41128      0.99449  42.03s
    576       0.03649       0.01907      1.91374      0.99403  42.35s
    577       0.02390       0.01511      1.58230      0.99632  42.50s
    578       0.02822       0.01609      1.75414      0.99540  42.49s
    579       [36m0.02075[0m       [32m0.01118[0m      1.85654      0.99724  42.53s
    580       0.02522       0.01746      1.44455      0.99540  42.82s
    581       0.02365       0.01291      1.83137      0.99770  42.60s
    582       0.02580       0.01553      1.66083      0.99540  42.26s
    583       0.03056       0.01768      1.72855      0.99586  42.07s
    584       0.02567       0.01719      1.49323      0.99678  42.11s
    585       0.02533       0.01386      1.82811      0.99678  42.16s
    586       0.02556       0.01956      1.30649      0.99540  42.39s
    587       0.02981       0.02306      1.29247      0.99540  42.29s
    588       0.02402       0.02386      1.00658      0.99403  42.45s
    589       0.02357       0.01313      1.79535      0.99632  42.09s
    590       [36m0.01935[0m       0.01464      1.32204      0.99586  42.73s
    591       0.02308       0.01280      1.80289      0.99678  42.70s
    592       0.02506       0.01546      1.62100      0.99586  42.10s
    593       0.02534       0.01766      1.43481      0.99586  41.89s
    594       0.02347       0.01970      1.19153      0.99540  42.30s
    595       0.02184       0.01270      1.71897      0.99540  42.50s
    596       0.02888       0.01753      1.64729      0.99540  42.98s
    597       0.02506       0.01880      1.33285      0.99586  42.59s
    598       0.02621       0.01578      1.66144      0.99586  42.24s
    599       0.02523       0.01961      1.28673      0.99449  42.25s
    600       0.02284       0.02109      1.08311      0.99403  42.17s
    601       0.02580       0.01708      1.51072      0.99586  42.61s
    602       0.02514       0.01468      1.71314      0.99540  42.82s
    603       [36m0.01786[0m       0.01368      1.30607      0.99586  42.75s
    604       0.02532       0.01327      1.90765      0.99724  43.04s
    605       0.02305       0.03001      0.76804      0.99403  42.87s
    606       0.02284       0.02222      1.02763      0.99403  42.98s
    607       0.02385       0.01961      1.21609      0.99540  42.92s
    608       0.02339       0.02236      1.04606      0.99494  42.75s
    609       0.01821       0.01895      0.96097      0.99494  42.65s
    610       0.02716       0.02089      1.30022      0.99403  42.24s
    611       0.02089       0.01643      1.27129      0.99494  42.16s
    612       0.02123       0.03133      0.67766      0.98904  42.90s
    613       0.02148       0.02674      0.80340      0.99357  42.77s
    614       0.02144       0.02307      0.92954      0.99449  42.87s
    615       0.01994       0.01279      1.55831      0.99540  42.87s
    616       0.02335       0.01927      1.21199      0.99449  43.19s
    617       0.02069       0.01153      1.79439      0.99678  43.03s
    618       0.02448       0.02368      1.03363      0.99494  42.53s
    619       0.02266       0.02119      1.06939      0.99494  43.05s
    620       0.02254       0.03739      0.60276      0.98720  42.85s
    621       0.02365       0.01275      1.85473      0.99724  42.59s
    622       0.02609       0.02799      0.93211      0.99494  42.73s
    623       0.02204       0.02076      1.06175      0.99449  42.93s
    624       0.02078       0.01403      1.48087      0.99540  42.71s
    625       0.02288       0.01844      1.24110      0.99494  43.11s
    626       0.03014       0.02128      1.41661      0.99403  42.68s
    627       0.02246       0.01817      1.23617      0.99403  42.77s
    628       0.02534       0.01785      1.41974      0.99494  42.66s
    629       0.01838       0.01794      1.02454      0.99540  42.89s
    630       0.02429       0.02636      0.92148      0.99357  43.00s
    631       0.02910       0.03735      0.77895      0.98858  43.22s
    632       0.02189       0.01965      1.11396      0.99540  43.27s
    633       0.02247       0.02107      1.06656      0.99586  43.25s
    634       0.02416       0.01824      1.32494      0.99586  43.00s
    635       0.02402       0.02978      0.80662      0.99357  43.30s
    636       0.02555       0.02668      0.95739      0.99403  43.02s
    637       0.02376       0.01567      1.51613      0.99632  42.89s
    638       0.02161       0.01244      1.73757      0.99632  42.96s
    639       0.03040       0.01695      1.79402      0.99632  42.88s
    640       0.02474       0.01787      1.38463      0.99586  42.93s
    641       0.02688       0.02174      1.23638      0.99403  42.52s
    642       0.02855       0.02308      1.23726      0.99540  42.53s
    643       0.02267       0.02097      1.08096      0.99494  42.78s
    644       0.02663       0.02072      1.28560      0.99494  42.87s
    645       0.02702       0.02009      1.34502      0.99494  42.76s
    646       0.02272       0.01800      1.26209      0.99540  43.14s
    647       0.02129       0.01774      1.20032      0.99494  43.40s
    648       0.01916       0.01502      1.27515      0.99403  43.00s
    649       0.02132       [32m0.01101[0m      1.93535      0.99632  42.93s
    650       0.02019       0.01998      1.01049      0.99540  43.03s
    651       0.02000       0.02083      0.95977      0.99632  43.36s
    652       0.02195       0.01837      1.19435      0.99540  43.38s
    653       0.02490       0.01842      1.35215      0.99494  43.28s
    654       0.02917       0.02540      1.14837      0.99449  43.20s
    655       0.02552       0.01771      1.44061      0.99678  43.09s
    656       0.02560       0.01707      1.49946      0.99540  43.03s
    657       0.02308       0.01552      1.48744      0.99678  42.86s
    658       0.01820       0.02364      0.76984      0.99586  42.37s
    659       0.01971       0.01862      1.05845      0.99678  42.23s
    660       0.03012       0.02064      1.45929      0.99632  42.25s
    661       0.02118       0.01625      1.30332      0.99678  42.20s
    662       0.02382       0.01654      1.43986      0.99632  42.23s
    663       0.02139       0.02738      0.78100      0.99403  42.24s
    664       0.02176       0.01986      1.09540      0.99632  42.19s
    665       0.02111       0.01596      1.32273      0.99632  42.11s
    666       0.02070       0.01883      1.09895      0.99449  42.14s
    667       0.02263       0.01567      1.44454      0.99632  42.16s
    668       0.02477       0.02114      1.17131      0.99586  42.11s
    669       0.02021       0.02659      0.76025      0.99494  41.88s
    670       0.02235       0.01617      1.38248      0.99586  41.50s
    671       0.02852       0.02481      1.14951      0.99494  42.11s
    672       0.02314       0.01939      1.19345      0.99540  42.00s
    673       0.02443       0.01858      1.31451      0.99494  42.18s
    674       0.02468       0.01937      1.27401      0.99586  42.11s
    675       0.01949       0.01496      1.30271      0.99540  41.81s
    676       0.01898       0.01583      1.19897      0.99632  42.11s
    677       0.01979       0.01642      1.20506      0.99632  42.18s
    678       0.02339       0.01927      1.21378      0.99494  42.07s
    679       0.02402       0.01313      1.82982      0.99724  42.17s
    680       0.02309       0.01359      1.69880      0.99678  42.23s
    681       0.02459       0.01469      1.67413      0.99632  42.43s
    682       0.02050       0.01587      1.29197      0.99586  42.29s
    683       0.02411       0.01240      1.94520      0.99724  42.20s
    684       0.02368       0.01764      1.34253      0.99632  42.28s
    685       0.01945       0.01572      1.23710      0.99632  42.10s
    686       0.02002       [32m0.00923[0m      2.16921      0.99770  42.33s
    687       0.02501       0.01448      1.72668      0.99632  42.46s
    688       0.02520       0.01782      1.41382      0.99632  42.27s
    689       0.02124       0.02269      0.93638      0.98950  42.29s
    690       0.02270       0.01695      1.33953      0.99586  41.73s
    691       0.02068       0.01545      1.33880      0.99724  42.24s
    692       0.01984       0.01441      1.37665      0.99678  42.30s
    693       0.02135       0.01473      1.44942      0.99724  42.16s
    694       0.02649       0.01565      1.69256      0.99678  42.10s
    695       [36m0.01480[0m       0.01235      1.19861      0.99724  42.22s
    696       0.02719       0.01731      1.57107      0.99540  42.08s
    697       0.02073       0.01322      1.56801      0.99678  42.21s
    698       0.02120       0.01797      1.18032      0.99586  42.03s
    699       0.02096       0.00945      2.21925      0.99816  42.11s
    700       0.02023       0.01758      1.15083      0.99632  42.36s
    701       0.02325       0.01274      1.82478      0.99724  42.47s
    702       0.02368       0.01691      1.39999      0.99540  42.37s
    703       0.02583       0.01462      1.76605      0.99586  42.43s
    704       0.02226       0.01150      1.93448      0.99724  42.59s
    705       0.02148       0.01407      1.52667      0.99724  42.25s
    706       0.02061       0.01192      1.72886      0.99678  42.47s
    707       0.01830       0.02128      0.86001      0.99494  42.29s
    708       0.02464       0.01342      1.83577      0.99586  42.38s
    709       0.02621       0.01603      1.63519      0.99540  42.19s
    710       0.02670       0.01480      1.80419      0.99632  42.07s
    711       0.01669       0.01718      0.97154      0.99632  42.17s
    712       0.01905       0.01359      1.40193      0.99678  42.32s
    713       0.01927       0.01652      1.16703      0.99540  42.37s
    714       0.01534       0.01567      0.97897      0.99632  42.19s
    715       0.02243       0.02046      1.09635      0.99540  40.83s
    716       0.02487       0.01830      1.35859      0.99586  41.78s
    717       0.02273       0.01940      1.17193      0.99586  42.11s
    718       0.01933       0.01408      1.37285      0.99678  42.03s
    719       0.02033       0.01937      1.04946      0.99540  42.28s
    720       0.01645       0.01726      0.95302      0.99586  42.15s
    721       0.02353       0.01483      1.58666      0.99586  42.43s
    722       0.01769       0.01199      1.47507      0.99494  42.54s
    723       0.01902       0.01090      1.74533      0.99586  40.96s
    724       0.02318       0.01273      1.82122      0.99724  40.74s
    725       0.01695       0.00944      1.79580      0.99724  40.43s
    726       0.02501       0.01425      1.75465      0.99770  40.84s
    727       0.02237       0.01466      1.52612      0.99678  40.80s
    728       0.02284       0.01050      2.17467      0.99678  40.69s
    729       0.01736       0.01281      1.35571      0.99586  40.54s
    730       0.02008       0.01170      1.71560      0.99678  40.95s
    731       0.02246       0.01289      1.74251      0.99678  40.87s
    732       0.02227       0.01869      1.19203      0.99540  40.70s
    733       0.01980       0.01923      1.02955      0.99724  42.61s
    734       0.02340       0.01327      1.76352      0.99724  42.16s
    735       0.02326       0.02156      1.07880      0.99403  42.17s
    736       0.01959       0.01725      1.13566      0.99586  42.21s
    737       0.01933       0.02139      0.90379      0.99632  41.86s
    738       0.02319       0.02309      1.00411      0.99226  42.06s
    739       0.02146       0.01770      1.21233      0.99226  42.01s
    740       0.02331       0.02051      1.13672      0.99180  42.18s
    741       0.01791       0.01848      0.96927      0.99586  42.30s
    742       0.01720       0.01856      0.92719      0.99226  42.33s
    743       0.02320       0.01745      1.32921      0.99632  42.58s
    744       0.02255       0.01784      1.26438      0.99632  42.31s
    745       0.01885       0.01377      1.36922      0.99724  42.32s
    746       0.01875       0.01949      0.96217      0.99632  42.41s
    747       0.02196       0.01609      1.36445      0.99494  42.32s
    748       0.01936       0.01554      1.24543      0.99540  42.27s
    749       0.01860       0.01478      1.25821      0.99540  42.56s
    750       0.01665       0.01199      1.38832      0.99724  42.67s
    751       0.02677       0.01245      2.15049      0.99770  42.45s
    752       [36m0.01476[0m       0.01155      1.27828      0.99724  42.29s
    753       [36m0.01419[0m       0.01563      0.90783      0.99724  42.82s
    754       0.01660       0.01699      0.97733      0.99678  42.83s
    755       0.01983       0.01532      1.29447      0.99494  42.53s
    756       [36m0.01132[0m       0.01026      1.10333      0.99770  42.78s
    757       0.02554       0.01386      1.84291      0.99678  42.69s
    758       0.02130       0.01002      2.12532      0.99770  42.21s
    759       0.01993       0.01494      1.33425      0.99632  42.31s
    760       0.02164       0.01161      1.86471      0.99724  42.73s
    761       0.01491       0.01307      1.14026      0.99678  42.82s
    762       0.01977       0.01800      1.09861      0.99632  42.94s
    763       0.01867       0.01542      1.21027      0.99770  42.91s
    764       0.02332       0.01445      1.61358      0.99632  42.73s
    765       0.02103       0.01352      1.55559      0.99678  42.60s
    766       0.01647       0.01669      0.98664      0.99678  43.05s
Early stopping.
Best valid loss was 0.009230 at epoch 686.
Loaded parameters to layer 'conv1' (shape 5x1x3x3).
Loaded parameters to layer 'conv1' (shape 5).
Loaded parameters to layer 'conv2' (shape 10x5x2x2).
Loaded parameters to layer 'conv2' (shape 10).
Loaded parameters to layer 'conv3' (shape 20x10x2x2).
Loaded parameters to layer 'conv3' (shape 20).
Loaded parameters to layer 'hidden4' (shape 2420x230).
Loaded parameters to layer 'hidden4' (shape 230).
Loaded parameters to layer 'hidden5' (shape 230x150).
Loaded parameters to layer 'hidden5' (shape 150).
Loaded parameters to layer 'output' (shape 150x2).
Loaded parameters to layer 'output' (shape 2).
